\BOOKMARK [0][-]{table.caption.2}{Acknowledgements}{}% 1
\BOOKMARK [0][-]{chapter*.3}{Abstract}{}% 2
\BOOKMARK [0][-]{chapter.1}{1 Introduction}{}% 3
\BOOKMARK [1][-]{section.1.1}{1.1 Project Description}{chapter.1}% 4
\BOOKMARK [1][-]{section.1.2}{1.2 Project Objectives}{chapter.1}% 5
\BOOKMARK [0][-]{chapter.2}{2 Background and Related Work}{}% 6
\BOOKMARK [1][-]{section.2.1}{2.1 Bluetooth Low Energy}{chapter.2}% 7
\BOOKMARK [1][-]{section.2.2}{2.2 Android}{chapter.2}% 8
\BOOKMARK [1][-]{section.2.3}{2.3 Related Work}{chapter.2}% 9
\BOOKMARK [0][-]{chapter.3}{3 General Architecture}{}% 10
\BOOKMARK [1][-]{section.3.1}{3.1 Offloading Agents}{chapter.3}% 11
\BOOKMARK [1][-]{section.3.2}{3.2 Offloading Solutions}{chapter.3}% 12
\BOOKMARK [2][-]{subsection.3.2.1}{3.2.1 Task delegation through Remote method invocation}{section.3.2}% 13
\BOOKMARK [2][-]{subsection.3.2.2}{3.2.2 Data binding of loosed coupled systems}{section.3.2}% 14
\BOOKMARK [0][-]{chapter.4}{4 Project Implementation}{}% 15
\BOOKMARK [1][-]{subsection.4.0.3}{4.0.3 The client - Android Framework}{chapter.4}% 16
\BOOKMARK [2][-]{subsection.4.0.4}{4.0.4 The server - Linux Embedded System}{subsection.4.0.3}% 17
\BOOKMARK [0][-]{chapter.5}{5 Experimental Results}{}% 18
\BOOKMARK [1][-]{subsection.5.0.5}{5.0.5 Test setup}{chapter.5}% 19
\BOOKMARK [0][-]{chapter.6}{6 Conclusion and Future Development}{}% 20
\BOOKMARK [0][-]{appendix.A}{A BLEOffloadingFramework General Use Case }{}% 21
